<?xml version="1.0" encoding="UTF-8"?>
<!-- Generated by org.testng.reporters.JUnitReportReporter -->
<testsuite skipped="0" hostname="M-C02WN271HTD6" name="testing.ValidateCSV" tests="1" failures="0" timestamp="18 Feb 2019 10:26:49 GMT" time="0.051" errors="0">
  <testcase name="tc" time="0.051" classname="testing.ValidateCSV"/>
</testsuite> <!-- testing.ValidateCSV -->
